\BOOKMARK [0][-]{chapter.1}{Background}{}% 1
\BOOKMARK [1][-]{section.1.1}{Front-end}{chapter.1}% 2
\BOOKMARK [1][-]{section.1.2}{Back-end}{chapter.1}% 3
\BOOKMARK [1][-]{section.1.3}{Storage solution}{chapter.1}% 4
\BOOKMARK [0][-]{chapter.2}{Design and Architecture}{}% 5
\BOOKMARK [1][-]{section.2.1}{Design}{chapter.2}% 6
\BOOKMARK [2][-]{subsection.2.1.1}{The focus}{section.2.1}% 7
\BOOKMARK [2][-]{subsection.2.1.2}{Planning of software solutions}{section.2.1}% 8
\BOOKMARK [2][-]{subsection.2.1.3}{User stories}{section.2.1}% 9
\BOOKMARK [2][-]{subsection.2.1.4}{Wireframes}{section.2.1}% 10
\BOOKMARK [1][-]{section.2.2}{Development process}{chapter.2}% 11
\BOOKMARK [2][-]{subsection.2.2.1}{Kanban / Scrum}{section.2.2}% 12
\BOOKMARK [1][-]{section.2.3}{Architecture}{chapter.2}% 13
\BOOKMARK [2][-]{subsection.2.3.1}{Software architecture}{section.2.3}% 14
\BOOKMARK [2][-]{subsection.2.3.2}{MVP or Model View Controller}{section.2.3}% 15
\BOOKMARK [2][-]{subsection.2.3.3}{Flux}{section.2.3}% 16
\BOOKMARK [2][-]{subsection.2.3.4}{Other}{section.2.3}% 17
\BOOKMARK [2][-]{subsection.2.3.5}{Backend}{section.2.3}% 18
\BOOKMARK [3][-]{subsubsection.2.3.5.1}{Server}{subsection.2.3.5}% 19
\BOOKMARK [3][-]{subsubsection.2.3.5.2}{Database}{subsection.2.3.5}% 20
\BOOKMARK [2][-]{subsection.2.3.6}{Frontend}{section.2.3}% 21
\BOOKMARK [3][-]{subsubsection.2.3.6.1}{Angular}{subsection.2.3.6}% 22
\BOOKMARK [2][-]{subsection.2.3.7}{React}{section.2.3}% 23
\BOOKMARK [0][-]{chapter.3}{Implementation}{}% 24
\BOOKMARK [1][-]{section.3.1}{Dataflow}{chapter.3}% 25
\BOOKMARK [2][-]{subsection.3.1.1}{React.js}{section.3.1}% 26
\BOOKMARK [2][-]{subsection.3.1.2}{Flux}{section.3.1}% 27
\BOOKMARK [1][-]{section.3.2}{Websockets}{chapter.3}% 28
\BOOKMARK [1][-]{section.3.3}{Backend}{chapter.3}% 29
